[debug] > Exec(early(addDefaultCommands), None, None)
[debug] > Exec(addDefaultCommands, None, None)
[debug] > Exec(early(initialize), None, None)
[debug] > Exec(initialize, None, None)
[debug] > Exec(boot, None, None)
[debug] > Exec(writeSbtVersion, None, None)
[debug] > Exec(reload, None, None)
[debug] > Exec(sbtStashOnFailure, None, None)
[debug] > Exec(onFailure loadFailed, None, None)
[debug] > Exec(loadp, None, None)
[info] welcome to sbt 1.9.1 (Amazon.com Inc. Java 1.8.0_372)
[debug] Load.defaultLoad until apply took 484.0351ms
[debug]           Load.loadUnit: plugins took 472.0348ms
[debug]           Load.loadUnit: defsScala took 1.2311ms
[debug] [Loading] Scanning directory C:\Users\HP Store\IdeaProjects\OOP Assignment 2\project
[debug] [Loading] Found non-root projects 
[debug] [Loading] Done in C:\Users\HP Store\IdeaProjects\OOP Assignment 2\project, returning: ()
[debug] deducing auto plugins based on known facts Set(Atom(sbt.plugins.CorePlugin)) and clauses Clauses(Clause(Atom(sbt.plugins.JvmPlugin),Set(Atom(sbt.plugins.IvyPlugin)))
[debug] Clause(Atom(sbt.ScriptedPlugin),Set(Atom(sbt.plugins.JvmPlugin)))
[debug] Clause(Atom(sbt.plugins.SbtPlugin),Set(Atom(sbt.ScriptedPlugin)))
[debug] Clause(Atom(sbt.plugins.SemanticdbPlugin),Set(Atom(sbt.plugins.JvmPlugin)))
[debug] Clause(Atom(sbt.plugins.JUnitXmlReportPlugin),Set(Atom(sbt.plugins.JvmPlugin)))
[debug] Clause(Atom(sbt.plugins.MiniDependencyTreePlugin),Set(Atom(sbt.plugins.JvmPlugin)))
[debug] Clause(Atom(sbt.plugins.CorePlugin),Set(Atom(sbt.plugins.IvyPlugin)))
[debug] Clause(Atom(sbt.plugins.IvyPlugin),Set(Atom(sbt.plugins.JvmPlugin)))
[debug] Clause(Atom(sbt.plugins.JvmPlugin),Set(Atom(sbt.plugins.SemanticdbPlugin)))
[debug] Clause(Atom(sbt.plugins.JvmPlugin),Set(Atom(sbt.plugins.JUnitXmlReportPlugin)))
[debug] Clause(Atom(sbt.plugins.CorePlugin),Set(Atom(sbt.plugins.Giter8TemplatePlugin)))
[debug] Clause(Atom(sbt.plugins.JvmPlugin),Set(Atom(sbt.plugins.MiniDependencyTreePlugin))))
[debug]   :: deduced result: Matched(sbt.plugins.CorePlugin,sbt.plugins.Giter8TemplatePlugin,sbt.plugins.IvyPlugin,sbt.plugins.JvmPlugin,sbt.plugins.MiniDependencyTreePlugin,sbt.plugins.JUnitXmlReportPlugin,sbt.plugins.SemanticdbPlugin)
[debug] Plugins.deducer#function took 60.4684 ms
[debug]               Load.resolveProject(oop-assignment-2-build) took 182.7628ms
[debug]             Load.loadTransitive: finalizeProject(Project(id oop-assignment-2-build, base: C:\Users\HP Store\IdeaProjects\OOP Assignment 2\project, plugins: List(<none>))) took 337.6317ms
[debug] [Loading] Done in C:\Users\HP Store\IdeaProjects\OOP Assignment 2\project, returning: (oop-assignment-2-build)
[debug]           Load.loadUnit: loadedProjectsRaw took 433.0106ms
[debug]           Load.loadUnit: cleanEvalClasses took 0.7378ms
[debug]         Load.loadUnit(file:/C:/Users/HP%20Store/IdeaProjects/OOP%20Assignment%202/project/, ...) took 928.8259ms
[debug]       Load.apply: load took 1602.3334ms
[debug]       Load.apply: resolveProjects took 26.7815ms
[debug]       Load.apply: finalTransforms took 392.6531ms
[debug]       Load.apply: config.delegates took 60.8992ms
[debug]       Load.apply: Def.make(settings)... took 2254.4131ms
[debug]       Load.apply: structureIndex took 463.0676ms
[debug]       Load.apply: mkStreams took 7.4219ms
[info] loading project definition from C:\Users\HP Store\IdeaProjects\OOP Assignment 2\project
[debug] Running task... Cancel: Signal, check cycles: false, forcegc: true
[debug]     Load.loadUnit: plugins took 11155.1745ms
[debug]     Load.loadUnit: defsScala took 0.0109ms
[debug] [Loading] Scanning directory C:\Users\HP Store\IdeaProjects\OOP Assignment 2
[debug]       Load.loadUnit: mkEval took 28.9055ms
[debug] [Loading] Found root project root w/ remaining 
[debug] deducing auto plugins based on known facts Set(Atom(sbt.plugins.CorePlugin)) and clauses Clauses(Clause(Atom(sbt.plugins.JvmPlugin),Set(Atom(sbt.plugins.IvyPlugin)))
[debug] Clause(Atom(sbt.ScriptedPlugin),Set(Atom(sbt.plugins.JvmPlugin)))
[debug] Clause(Atom(sbt.plugins.SbtPlugin),Set(Atom(sbt.ScriptedPlugin)))
[debug] Clause(Atom(sbt.plugins.SemanticdbPlugin),Set(Atom(sbt.plugins.JvmPlugin)))
[debug] Clause(Atom(sbt.plugins.JUnitXmlReportPlugin),Set(Atom(sbt.plugins.JvmPlugin)))
[debug] Clause(Atom(sbt.plugins.MiniDependencyTreePlugin),Set(Atom(sbt.plugins.JvmPlugin)))
[debug] Clause(Atom(sbt.plugins.CorePlugin),Set(Atom(sbt.plugins.IvyPlugin)))
[debug] Clause(Atom(sbt.plugins.IvyPlugin),Set(Atom(sbt.plugins.JvmPlugin)))
[debug] Clause(Atom(sbt.plugins.JvmPlugin),Set(Atom(sbt.plugins.SemanticdbPlugin)))
[debug] Clause(Atom(sbt.plugins.JvmPlugin),Set(Atom(sbt.plugins.JUnitXmlReportPlugin)))
[debug] Clause(Atom(sbt.plugins.CorePlugin),Set(Atom(sbt.plugins.Giter8TemplatePlugin)))
[debug] Clause(Atom(sbt.plugins.JvmPlugin),Set(Atom(sbt.plugins.MiniDependencyTreePlugin))))
[debug]   :: deduced result: Matched(sbt.plugins.CorePlugin,sbt.plugins.Giter8TemplatePlugin,sbt.plugins.IvyPlugin,sbt.plugins.JvmPlugin,sbt.plugins.MiniDependencyTreePlugin,sbt.plugins.JUnitXmlReportPlugin,sbt.plugins.SemanticdbPlugin)
[debug] Plugins.deducer#function took 9.5759 ms
[info] loading settings for project root from build.sbt ...
[debug]         Load.resolveProject(root) took 16.5238ms
[debug]       Load.loadTransitive: finalizeProject(Project(id root, base: C:\Users\HP Store\IdeaProjects\OOP Assignment 2, plugins: List(<none>))) took 33.3573ms
[debug] [Loading] Done in C:\Users\HP Store\IdeaProjects\OOP Assignment 2, returning: (root)
[debug]     Load.loadUnit: loadedProjectsRaw took 10788.4189ms
[debug]     Load.loadUnit: cleanEvalClasses took 60.4753ms
[debug]   Load.loadUnit(file:/C:/Users/HP%20Store/IdeaProjects/OOP%20Assignment%202/, ...) took 22010.4484ms
[debug] Load.apply: load took 22140.5765ms
[debug] Load.apply: resolveProjects took 1.0589ms
[debug] Load.apply: finalTransforms took 76.9203ms
[debug] Load.apply: config.delegates took 1.963ms
[debug] Load.apply: Def.make(settings)... took 484.1658ms
[debug] Load.apply: structureIndex took 226.6955ms
[debug] Load.apply: mkStreams took 0.0081ms
[info] set current project to OOP Assignment 2 (in build file:/C:/Users/HP%20Store/IdeaProjects/OOP%20Assignment%202/)
[debug] > Exec(sbtPopOnFailure, None, None)
[debug] > Exec(resumeFromFailure, None, None)
[debug] > Exec(notifyUsersAboutShell, None, None)
[debug] > Exec(iflast shell, None, None)
[debug] > Exec(shell, None, None)
[info] sbt server started at local:sbt-server-27e9e825ae22294a3aab
[debug] Writing bsp connection file
[info] started sbt server
